<?xml version="1.0" encoding="UTF-8"?>
<testng-results skipped="0" failed="0" ignored="0" total="10" passed="10">
  <reporter-output>
  </reporter-output>
  <suite name="Test suite name" duration-ms="320" started-at="2022-05-10T14:03:47 IST" finished-at="2022-05-10T14:03:47 IST">
    <groups>
    </groups>
    <test name="test name is maven test" duration-ms="320" started-at="2022-05-10T14:03:47 IST" finished-at="2022-05-10T14:03:47 IST">
      <class name="testngPackage.ThirdTest">
        <test-method status="PASS" signature="test1()[pri:0, instance:testngPackage.ThirdTest@2a556333]" name="test1" duration-ms="5" started-at="2022-05-10T14:03:47 IST" finished-at="2022-05-10T14:03:47 IST">
          <reporter-output>
          </reporter-output>
        </test-method> <!-- test1 -->
        <test-method status="PASS" signature="test2()[pri:0, instance:testngPackage.ThirdTest@2a556333]" name="test2" duration-ms="8" started-at="2022-05-10T14:03:47 IST" finished-at="2022-05-10T14:03:47 IST">
          <reporter-output>
          </reporter-output>
        </test-method> <!-- test2 -->
        <test-method status="PASS" signature="test3()[pri:0, instance:testngPackage.ThirdTest@2a556333]" name="test3" duration-ms="2" started-at="2022-05-10T14:03:47 IST" finished-at="2022-05-10T14:03:47 IST">
          <reporter-output>
          </reporter-output>
        </test-method> <!-- test3 -->
        <test-method status="PASS" signature="test4()[pri:0, instance:testngPackage.ThirdTest@2a556333]" name="test4" duration-ms="1" started-at="2022-05-10T14:03:47 IST" finished-at="2022-05-10T14:03:47 IST">
          <reporter-output>
          </reporter-output>
        </test-method> <!-- test4 -->
        <test-method status="PASS" signature="test5()[pri:0, instance:testngPackage.ThirdTest@2a556333]" name="test5" duration-ms="7" started-at="2022-05-10T14:03:47 IST" finished-at="2022-05-10T14:03:47 IST">
          <reporter-output>
          </reporter-output>
        </test-method> <!-- test5 -->
      </class> <!-- testngPackage.ThirdTest -->
      <class name="testngPackage.FourthTest">
        <test-method status="PASS" signature="test1()[pri:0, instance:testngPackage.FourthTest@7a765367]" name="test1" duration-ms="31" started-at="2022-05-10T14:03:47 IST" finished-at="2022-05-10T14:03:47 IST">
          <reporter-output>
          </reporter-output>
        </test-method> <!-- test1 -->
        <test-method status="PASS" signature="test2()[pri:0, instance:testngPackage.FourthTest@7a765367]" name="test2" duration-ms="1" started-at="2022-05-10T14:03:47 IST" finished-at="2022-05-10T14:03:47 IST">
          <reporter-output>
          </reporter-output>
        </test-method> <!-- test2 -->
        <test-method status="PASS" signature="test3()[pri:0, instance:testngPackage.FourthTest@7a765367]" name="test3" duration-ms="0" started-at="2022-05-10T14:03:47 IST" finished-at="2022-05-10T14:03:47 IST">
          <reporter-output>
          </reporter-output>
        </test-method> <!-- test3 -->
        <test-method status="PASS" signature="test4()[pri:0, instance:testngPackage.FourthTest@7a765367]" name="test4" duration-ms="2" started-at="2022-05-10T14:03:47 IST" finished-at="2022-05-10T14:03:47 IST">
          <reporter-output>
          </reporter-output>
        </test-method> <!-- test4 -->
        <test-method status="PASS" signature="test5()[pri:0, instance:testngPackage.FourthTest@7a765367]" name="test5" duration-ms="2" started-at="2022-05-10T14:03:47 IST" finished-at="2022-05-10T14:03:47 IST">
          <reporter-output>
          </reporter-output>
        </test-method> <!-- test5 -->
      </class> <!-- testngPackage.FourthTest -->
    </test> <!-- test name is maven test -->
  </suite> <!-- Test suite name -->
</testng-results>
