<?xml version="1.0" encoding="UTF-8"?>
<!-- Generated by org.testng.reporters.JUnitXMLReporter -->
<testsuite hostname="DESKTOP-P92EH1T" ignored="0" name="test name is maven test" tests="10" failures="0" timestamp="2022-05-10T14:03:47 IST" time="0.32" errors="0">
  <testcase name="test1" time="0.031" classname="testngPackage.FourthTest"/>
  <testcase name="test2" time="0.001" classname="testngPackage.FourthTest"/>
  <testcase name="test3" time="0.0" classname="testngPackage.FourthTest"/>
  <testcase name="test4" time="0.002" classname="testngPackage.FourthTest"/>
  <testcase name="test5" time="0.002" classname="testngPackage.FourthTest"/>
  <testcase name="test1" time="0.005" classname="testngPackage.ThirdTest"/>
  <testcase name="test2" time="0.008" classname="testngPackage.ThirdTest"/>
  <testcase name="test3" time="0.002" classname="testngPackage.ThirdTest"/>
  <testcase name="test4" time="0.001" classname="testngPackage.ThirdTest"/>
  <testcase name="test5" time="0.007" classname="testngPackage.ThirdTest"/>
</testsuite> <!-- test name is maven test -->
